  Identification des projets à restaurer...
C:\Users\hp\Desktop\rentalapp final\CarRentalApp.Services\CarRentalApp.Services.csproj : warning NU1903: Package 'SixLabors.ImageSharp' 1.0.4 has a known high severity vulnerability, https://github.com/advisories/GHSA-2cmq-823j-5qj8 [C:\Users\hp\Desktop\rentalapp final\CarRentalApp.Desktop\CarRentalApp.Desktop.csproj]
C:\Users\hp\Desktop\rentalapp final\CarRentalApp.Services\CarRentalApp.Services.csproj : warning NU1902: Package 'SixLabors.ImageSharp' 1.0.4 has a known moderate severity vulnerability, https://github.com/advisories/GHSA-5x7m-6737-26cr [C:\Users\hp\Desktop\rentalapp final\CarRentalApp.Desktop\CarRentalApp.Desktop.csproj]
C:\Users\hp\Desktop\rentalapp final\CarRentalApp.Services\CarRentalApp.Services.csproj : warning NU1903: Package 'SixLabors.ImageSharp' 1.0.4 has a known high severity vulnerability, https://github.com/advisories/GHSA-63p8-c4ww-9cg7 [C:\Users\hp\Desktop\rentalapp final\CarRentalApp.Desktop\CarRentalApp.Desktop.csproj]
C:\Users\hp\Desktop\rentalapp final\CarRentalApp.Services\CarRentalApp.Services.csproj : warning NU1903: Package 'SixLabors.ImageSharp' 1.0.4 has a known high severity vulnerability, https://github.com/advisories/GHSA-65x7-c272-7g7r [C:\Users\hp\Desktop\rentalapp final\CarRentalApp.Desktop\CarRentalApp.Desktop.csproj]
C:\Users\hp\Desktop\rentalapp final\CarRentalApp.Services\CarRentalApp.Services.csproj : warning NU1902: Package 'SixLabors.ImageSharp' 1.0.4 has a known moderate severity vulnerability, https://github.com/advisories/GHSA-g85r-6x2q-45w7 [C:\Users\hp\Desktop\rentalapp final\CarRentalApp.Desktop\CarRentalApp.Desktop.csproj]
C:\Users\hp\Desktop\rentalapp final\CarRentalApp.Services\CarRentalApp.Services.csproj : warning NU1902: Package 'SixLabors.ImageSharp' 1.0.4 has a known moderate severity vulnerability, https://github.com/advisories/GHSA-qxrv-gp6x-rc23 [C:\Users\hp\Desktop\rentalapp final\CarRentalApp.Desktop\CarRentalApp.Desktop.csproj]
C:\Users\hp\Desktop\rentalapp final\CarRentalApp.Services\CarRentalApp.Services.csproj : warning NU1902: Package 'SixLabors.ImageSharp' 1.0.4 has a known moderate severity vulnerability, https://github.com/advisories/GHSA-rxmq-m78w-7wmc [C:\Users\hp\Desktop\rentalapp final\CarRentalApp.Desktop\CarRentalApp.Desktop.csproj]
C:\Users\hp\Desktop\rentalapp final\CarRentalApp.Desktop\CarRentalApp.Desktop.csproj : warning NU1903: Package 'SixLabors.ImageSharp' 1.0.4 has a known high severity vulnerability, https://github.com/advisories/GHSA-2cmq-823j-5qj8
C:\Users\hp\Desktop\rentalapp final\CarRentalApp.Desktop\CarRentalApp.Desktop.csproj : warning NU1902: Package 'SixLabors.ImageSharp' 1.0.4 has a known moderate severity vulnerability, https://github.com/advisories/GHSA-5x7m-6737-26cr
C:\Users\hp\Desktop\rentalapp final\CarRentalApp.Desktop\CarRentalApp.Desktop.csproj : warning NU1903: Package 'SixLabors.ImageSharp' 1.0.4 has a known high severity vulnerability, https://github.com/advisories/GHSA-63p8-c4ww-9cg7
C:\Users\hp\Desktop\rentalapp final\CarRentalApp.Desktop\CarRentalApp.Desktop.csproj : warning NU1903: Package 'SixLabors.ImageSharp' 1.0.4 has a known high severity vulnerability, https://github.com/advisories/GHSA-65x7-c272-7g7r
C:\Users\hp\Desktop\rentalapp final\CarRentalApp.Desktop\CarRentalApp.Desktop.csproj : warning NU1902: Package 'SixLabors.ImageSharp' 1.0.4 has a known moderate severity vulnerability, https://github.com/advisories/GHSA-g85r-6x2q-45w7
C:\Users\hp\Desktop\rentalapp final\CarRentalApp.Desktop\CarRentalApp.Desktop.csproj : warning NU1902: Package 'SixLabors.ImageSharp' 1.0.4 has a known moderate severity vulnerability, https://github.com/advisories/GHSA-qxrv-gp6x-rc23
C:\Users\hp\Desktop\rentalapp final\CarRentalApp.Desktop\CarRentalApp.Desktop.csproj : warning NU1902: Package 'SixLabors.ImageSharp' 1.0.4 has a known moderate severity vulnerability, https://github.com/advisories/GHSA-rxmq-m78w-7wmc
  Tous les projets sont à jour pour la restauration.
C:\Users\hp\Desktop\rentalapp final\CarRentalApp.Desktop\CarRentalApp.Desktop.csproj : warning NU1903: Package 'SixLabors.ImageSharp' 1.0.4 has a known high severity vulnerability, https://github.com/advisories/GHSA-2cmq-823j-5qj8
C:\Users\hp\Desktop\rentalapp final\CarRentalApp.Desktop\CarRentalApp.Desktop.csproj : warning NU1902: Package 'SixLabors.ImageSharp' 1.0.4 has a known moderate severity vulnerability, https://github.com/advisories/GHSA-5x7m-6737-26cr
C:\Users\hp\Desktop\rentalapp final\CarRentalApp.Desktop\CarRentalApp.Desktop.csproj : warning NU1903: Package 'SixLabors.ImageSharp' 1.0.4 has a known high severity vulnerability, https://github.com/advisories/GHSA-63p8-c4ww-9cg7
C:\Users\hp\Desktop\rentalapp final\CarRentalApp.Desktop\CarRentalApp.Desktop.csproj : warning NU1903: Package 'SixLabors.ImageSharp' 1.0.4 has a known high severity vulnerability, https://github.com/advisories/GHSA-65x7-c272-7g7r
C:\Users\hp\Desktop\rentalapp final\CarRentalApp.Desktop\CarRentalApp.Desktop.csproj : warning NU1902: Package 'SixLabors.ImageSharp' 1.0.4 has a known moderate severity vulnerability, https://github.com/advisories/GHSA-g85r-6x2q-45w7
C:\Users\hp\Desktop\rentalapp final\CarRentalApp.Desktop\CarRentalApp.Desktop.csproj : warning NU1902: Package 'SixLabors.ImageSharp' 1.0.4 has a known moderate severity vulnerability, https://github.com/advisories/GHSA-qxrv-gp6x-rc23
C:\Users\hp\Desktop\rentalapp final\CarRentalApp.Desktop\CarRentalApp.Desktop.csproj : warning NU1902: Package 'SixLabors.ImageSharp' 1.0.4 has a known moderate severity vulnerability, https://github.com/advisories/GHSA-rxmq-m78w-7wmc
C:\Users\hp\Desktop\rentalapp final\CarRentalApp.Services\CarRentalApp.Services.csproj : warning NU1903: Package 'SixLabors.ImageSharp' 1.0.4 has a known high severity vulnerability, https://github.com/advisories/GHSA-2cmq-823j-5qj8
C:\Users\hp\Desktop\rentalapp final\CarRentalApp.Services\CarRentalApp.Services.csproj : warning NU1902: Package 'SixLabors.ImageSharp' 1.0.4 has a known moderate severity vulnerability, https://github.com/advisories/GHSA-5x7m-6737-26cr
C:\Users\hp\Desktop\rentalapp final\CarRentalApp.Services\CarRentalApp.Services.csproj : warning NU1903: Package 'SixLabors.ImageSharp' 1.0.4 has a known high severity vulnerability, https://github.com/advisories/GHSA-63p8-c4ww-9cg7
C:\Users\hp\Desktop\rentalapp final\CarRentalApp.Services\CarRentalApp.Services.csproj : warning NU1903: Package 'SixLabors.ImageSharp' 1.0.4 has a known high severity vulnerability, https://github.com/advisories/GHSA-65x7-c272-7g7r
C:\Users\hp\Desktop\rentalapp final\CarRentalApp.Services\CarRentalApp.Services.csproj : warning NU1902: Package 'SixLabors.ImageSharp' 1.0.4 has a known moderate severity vulnerability, https://github.com/advisories/GHSA-g85r-6x2q-45w7
C:\Users\hp\Desktop\rentalapp final\CarRentalApp.Services\CarRentalApp.Services.csproj : warning NU1902: Package 'SixLabors.ImageSharp' 1.0.4 has a known moderate severity vulnerability, https://github.com/advisories/GHSA-qxrv-gp6x-rc23
C:\Users\hp\Desktop\rentalapp final\CarRentalApp.Services\CarRentalApp.Services.csproj : warning NU1902: Package 'SixLabors.ImageSharp' 1.0.4 has a known moderate severity vulnerability, https://github.com/advisories/GHSA-rxmq-m78w-7wmc
  CarRentalApp.Core -> C:\Users\hp\Desktop\rentalapp final\CarRentalApp.Core\bin\Debug\net10.0\CarRentalApp.Core.dll
  CarRentalApp.Data -> C:\Users\hp\Desktop\rentalapp final\CarRentalApp.Data\bin\Debug\net10.0\CarRentalApp.Data.dll
  CarRentalApp.Services -> C:\Users\hp\Desktop\rentalapp final\CarRentalApp.Services\bin\Debug\net10.0\CarRentalApp.Services.dll
C:\Users\hp\Desktop\rentalapp final\CarRentalApp.Desktop\CarRentalApp.Desktop_vizmv1ts_wpftmp.csproj : warning NU1903: Package 'SixLabors.ImageSharp' 1.0.4 has a known high severity vulnerability, https://github.com/advisories/GHSA-2cmq-823j-5qj8
C:\Users\hp\Desktop\rentalapp final\CarRentalApp.Desktop\CarRentalApp.Desktop_vizmv1ts_wpftmp.csproj : warning NU1902: Package 'SixLabors.ImageSharp' 1.0.4 has a known moderate severity vulnerability, https://github.com/advisories/GHSA-5x7m-6737-26cr
C:\Users\hp\Desktop\rentalapp final\CarRentalApp.Desktop\CarRentalApp.Desktop_vizmv1ts_wpftmp.csproj : warning NU1903: Package 'SixLabors.ImageSharp' 1.0.4 has a known high severity vulnerability, https://github.com/advisories/GHSA-63p8-c4ww-9cg7
C:\Users\hp\Desktop\rentalapp final\CarRentalApp.Desktop\CarRentalApp.Desktop_vizmv1ts_wpftmp.csproj : warning NU1903: Package 'SixLabors.ImageSharp' 1.0.4 has a known high severity vulnerability, https://github.com/advisories/GHSA-65x7-c272-7g7r
C:\Users\hp\Desktop\rentalapp final\CarRentalApp.Desktop\CarRentalApp.Desktop_vizmv1ts_wpftmp.csproj : warning NU1902: Package 'SixLabors.ImageSharp' 1.0.4 has a known moderate severity vulnerability, https://github.com/advisories/GHSA-g85r-6x2q-45w7
C:\Users\hp\Desktop\rentalapp final\CarRentalApp.Desktop\CarRentalApp.Desktop_vizmv1ts_wpftmp.csproj : warning NU1902: Package 'SixLabors.ImageSharp' 1.0.4 has a known moderate severity vulnerability, https://github.com/advisories/GHSA-qxrv-gp6x-rc23
C:\Users\hp\Desktop\rentalapp final\CarRentalApp.Desktop\CarRentalApp.Desktop_vizmv1ts_wpftmp.csproj : warning NU1902: Package 'SixLabors.ImageSharp' 1.0.4 has a known moderate severity vulnerability, https://github.com/advisories/GHSA-rxmq-m78w-7wmc
C:\Users\hp\Desktop\rentalapp final\CarRentalApp.Desktop\ViewModels\VehiclesViewModel.cs(20,12): warning CS8618: Le champ « _selectedVehicle » non-nullable doit contenir une valeur autre que Null lors de la fermeture du constructeur. Envisagez d’ajouter le modificateur « required » ou de déclarer le champ comme pouvant accepter la valeur Null. [C:\Users\hp\Desktop\rentalapp final\CarRentalApp.Desktop\CarRentalApp.Desktop_vizmv1ts_wpftmp.csproj]
C:\Users\hp\Desktop\rentalapp final\CarRentalApp.Desktop\ViewModels\VehiclesViewModel.cs(20,12): warning CS8618: Le champ « _selectedVehicleType » non-nullable doit contenir une valeur autre que Null lors de la fermeture du constructeur. Envisagez d’ajouter le modificateur « required » ou de déclarer le champ comme pouvant accepter la valeur Null. [C:\Users\hp\Desktop\rentalapp final\CarRentalApp.Desktop\CarRentalApp.Desktop_vizmv1ts_wpftmp.csproj]
C:\Users\hp\Desktop\rentalapp final\CarRentalApp.Desktop\ViewModels\MainViewModel.cs(12,12): warning CS8618: Le champ « _currentView » non-nullable doit contenir une valeur autre que Null lors de la fermeture du constructeur. Envisagez d’ajouter le modificateur « required » ou de déclarer le champ comme pouvant accepter la valeur Null. [C:\Users\hp\Desktop\rentalapp final\CarRentalApp.Desktop\CarRentalApp.Desktop_vizmv1ts_wpftmp.csproj]
C:\Users\hp\Desktop\rentalapp final\CarRentalApp.Desktop\Views\MaintenanceView.xaml.cs(21,14): error CS1061: 'DbSet<Maintenance>' ne contient pas de définition pour 'Include' et aucune méthode d'extension accessible 'Include' acceptant un premier argument de type 'DbSet<Maintenance>' n'a été trouvée (une directive using ou une référence d'assembly est-elle manquante ?) [C:\Users\hp\Desktop\rentalapp final\CarRentalApp.Desktop\CarRentalApp.Desktop_vizmv1ts_wpftmp.csproj]
C:\Users\hp\Desktop\rentalapp final\CarRentalApp.Desktop\ViewModels\MainViewModel.cs(45,23): warning CS8625: Impossible de convertir un littéral ayant une valeur null en type référence non-nullable. [C:\Users\hp\Desktop\rentalapp final\CarRentalApp.Desktop\CarRentalApp.Desktop_vizmv1ts_wpftmp.csproj]
C:\Users\hp\Desktop\rentalapp final\CarRentalApp.Desktop\ViewModels\RentalsViewModel.cs(24,12): warning CS8618: Le champ « _selectedBooking » non-nullable doit contenir une valeur autre que Null lors de la fermeture du constructeur. Envisagez d’ajouter le modificateur « required » ou de déclarer le champ comme pouvant accepter la valeur Null. [C:\Users\hp\Desktop\rentalapp final\CarRentalApp.Desktop\CarRentalApp.Desktop_vizmv1ts_wpftmp.csproj]
C:\Users\hp\Desktop\rentalapp final\CarRentalApp.Desktop\ViewModels\VehiclesViewModel.cs(98,27): warning CS8625: Impossible de convertir un littéral ayant une valeur null en type référence non-nullable. [C:\Users\hp\Desktop\rentalapp final\CarRentalApp.Desktop\CarRentalApp.Desktop_vizmv1ts_wpftmp.csproj]
C:\Users\hp\Desktop\rentalapp final\CarRentalApp.Desktop\ViewModels\VehiclesViewModel.cs(90,35): warning CS8625: Impossible de convertir un littéral ayant une valeur null en type référence non-nullable. [C:\Users\hp\Desktop\rentalapp final\CarRentalApp.Desktop\CarRentalApp.Desktop_vizmv1ts_wpftmp.csproj]

ÉCHEC de la build.

C:\Users\hp\Desktop\rentalapp final\CarRentalApp.Services\CarRentalApp.Services.csproj : warning NU1903: Package 'SixLabors.ImageSharp' 1.0.4 has a known high severity vulnerability, https://github.com/advisories/GHSA-2cmq-823j-5qj8 [C:\Users\hp\Desktop\rentalapp final\CarRentalApp.Desktop\CarRentalApp.Desktop.csproj]
C:\Users\hp\Desktop\rentalapp final\CarRentalApp.Services\CarRentalApp.Services.csproj : warning NU1902: Package 'SixLabors.ImageSharp' 1.0.4 has a known moderate severity vulnerability, https://github.com/advisories/GHSA-5x7m-6737-26cr [C:\Users\hp\Desktop\rentalapp final\CarRentalApp.Desktop\CarRentalApp.Desktop.csproj]
C:\Users\hp\Desktop\rentalapp final\CarRentalApp.Services\CarRentalApp.Services.csproj : warning NU1903: Package 'SixLabors.ImageSharp' 1.0.4 has a known high severity vulnerability, https://github.com/advisories/GHSA-63p8-c4ww-9cg7 [C:\Users\hp\Desktop\rentalapp final\CarRentalApp.Desktop\CarRentalApp.Desktop.csproj]
C:\Users\hp\Desktop\rentalapp final\CarRentalApp.Services\CarRentalApp.Services.csproj : warning NU1903: Package 'SixLabors.ImageSharp' 1.0.4 has a known high severity vulnerability, https://github.com/advisories/GHSA-65x7-c272-7g7r [C:\Users\hp\Desktop\rentalapp final\CarRentalApp.Desktop\CarRentalApp.Desktop.csproj]
C:\Users\hp\Desktop\rentalapp final\CarRentalApp.Services\CarRentalApp.Services.csproj : warning NU1902: Package 'SixLabors.ImageSharp' 1.0.4 has a known moderate severity vulnerability, https://github.com/advisories/GHSA-g85r-6x2q-45w7 [C:\Users\hp\Desktop\rentalapp final\CarRentalApp.Desktop\CarRentalApp.Desktop.csproj]
C:\Users\hp\Desktop\rentalapp final\CarRentalApp.Services\CarRentalApp.Services.csproj : warning NU1902: Package 'SixLabors.ImageSharp' 1.0.4 has a known moderate severity vulnerability, https://github.com/advisories/GHSA-qxrv-gp6x-rc23 [C:\Users\hp\Desktop\rentalapp final\CarRentalApp.Desktop\CarRentalApp.Desktop.csproj]
C:\Users\hp\Desktop\rentalapp final\CarRentalApp.Services\CarRentalApp.Services.csproj : warning NU1902: Package 'SixLabors.ImageSharp' 1.0.4 has a known moderate severity vulnerability, https://github.com/advisories/GHSA-rxmq-m78w-7wmc [C:\Users\hp\Desktop\rentalapp final\CarRentalApp.Desktop\CarRentalApp.Desktop.csproj]
C:\Users\hp\Desktop\rentalapp final\CarRentalApp.Desktop\CarRentalApp.Desktop.csproj : warning NU1903: Package 'SixLabors.ImageSharp' 1.0.4 has a known high severity vulnerability, https://github.com/advisories/GHSA-2cmq-823j-5qj8
C:\Users\hp\Desktop\rentalapp final\CarRentalApp.Desktop\CarRentalApp.Desktop.csproj : warning NU1902: Package 'SixLabors.ImageSharp' 1.0.4 has a known moderate severity vulnerability, https://github.com/advisories/GHSA-5x7m-6737-26cr
C:\Users\hp\Desktop\rentalapp final\CarRentalApp.Desktop\CarRentalApp.Desktop.csproj : warning NU1903: Package 'SixLabors.ImageSharp' 1.0.4 has a known high severity vulnerability, https://github.com/advisories/GHSA-63p8-c4ww-9cg7
C:\Users\hp\Desktop\rentalapp final\CarRentalApp.Desktop\CarRentalApp.Desktop.csproj : warning NU1903: Package 'SixLabors.ImageSharp' 1.0.4 has a known high severity vulnerability, https://github.com/advisories/GHSA-65x7-c272-7g7r
C:\Users\hp\Desktop\rentalapp final\CarRentalApp.Desktop\CarRentalApp.Desktop.csproj : warning NU1902: Package 'SixLabors.ImageSharp' 1.0.4 has a known moderate severity vulnerability, https://github.com/advisories/GHSA-g85r-6x2q-45w7
C:\Users\hp\Desktop\rentalapp final\CarRentalApp.Desktop\CarRentalApp.Desktop.csproj : warning NU1902: Package 'SixLabors.ImageSharp' 1.0.4 has a known moderate severity vulnerability, https://github.com/advisories/GHSA-qxrv-gp6x-rc23
C:\Users\hp\Desktop\rentalapp final\CarRentalApp.Desktop\CarRentalApp.Desktop.csproj : warning NU1902: Package 'SixLabors.ImageSharp' 1.0.4 has a known moderate severity vulnerability, https://github.com/advisories/GHSA-rxmq-m78w-7wmc
C:\Users\hp\Desktop\rentalapp final\CarRentalApp.Desktop\CarRentalApp.Desktop.csproj : warning NU1903: Package 'SixLabors.ImageSharp' 1.0.4 has a known high severity vulnerability, https://github.com/advisories/GHSA-2cmq-823j-5qj8
C:\Users\hp\Desktop\rentalapp final\CarRentalApp.Desktop\CarRentalApp.Desktop.csproj : warning NU1902: Package 'SixLabors.ImageSharp' 1.0.4 has a known moderate severity vulnerability, https://github.com/advisories/GHSA-5x7m-6737-26cr
C:\Users\hp\Desktop\rentalapp final\CarRentalApp.Desktop\CarRentalApp.Desktop.csproj : warning NU1903: Package 'SixLabors.ImageSharp' 1.0.4 has a known high severity vulnerability, https://github.com/advisories/GHSA-63p8-c4ww-9cg7
C:\Users\hp\Desktop\rentalapp final\CarRentalApp.Desktop\CarRentalApp.Desktop.csproj : warning NU1903: Package 'SixLabors.ImageSharp' 1.0.4 has a known high severity vulnerability, https://github.com/advisories/GHSA-65x7-c272-7g7r
C:\Users\hp\Desktop\rentalapp final\CarRentalApp.Desktop\CarRentalApp.Desktop.csproj : warning NU1902: Package 'SixLabors.ImageSharp' 1.0.4 has a known moderate severity vulnerability, https://github.com/advisories/GHSA-g85r-6x2q-45w7
C:\Users\hp\Desktop\rentalapp final\CarRentalApp.Desktop\CarRentalApp.Desktop.csproj : warning NU1902: Package 'SixLabors.ImageSharp' 1.0.4 has a known moderate severity vulnerability, https://github.com/advisories/GHSA-qxrv-gp6x-rc23
C:\Users\hp\Desktop\rentalapp final\CarRentalApp.Desktop\CarRentalApp.Desktop.csproj : warning NU1902: Package 'SixLabors.ImageSharp' 1.0.4 has a known moderate severity vulnerability, https://github.com/advisories/GHSA-rxmq-m78w-7wmc
C:\Users\hp\Desktop\rentalapp final\CarRentalApp.Services\CarRentalApp.Services.csproj : warning NU1903: Package 'SixLabors.ImageSharp' 1.0.4 has a known high severity vulnerability, https://github.com/advisories/GHSA-2cmq-823j-5qj8
C:\Users\hp\Desktop\rentalapp final\CarRentalApp.Services\CarRentalApp.Services.csproj : warning NU1902: Package 'SixLabors.ImageSharp' 1.0.4 has a known moderate severity vulnerability, https://github.com/advisories/GHSA-5x7m-6737-26cr
C:\Users\hp\Desktop\rentalapp final\CarRentalApp.Services\CarRentalApp.Services.csproj : warning NU1903: Package 'SixLabors.ImageSharp' 1.0.4 has a known high severity vulnerability, https://github.com/advisories/GHSA-63p8-c4ww-9cg7
C:\Users\hp\Desktop\rentalapp final\CarRentalApp.Services\CarRentalApp.Services.csproj : warning NU1903: Package 'SixLabors.ImageSharp' 1.0.4 has a known high severity vulnerability, https://github.com/advisories/GHSA-65x7-c272-7g7r
C:\Users\hp\Desktop\rentalapp final\CarRentalApp.Services\CarRentalApp.Services.csproj : warning NU1902: Package 'SixLabors.ImageSharp' 1.0.4 has a known moderate severity vulnerability, https://github.com/advisories/GHSA-g85r-6x2q-45w7
C:\Users\hp\Desktop\rentalapp final\CarRentalApp.Services\CarRentalApp.Services.csproj : warning NU1902: Package 'SixLabors.ImageSharp' 1.0.4 has a known moderate severity vulnerability, https://github.com/advisories/GHSA-qxrv-gp6x-rc23
C:\Users\hp\Desktop\rentalapp final\CarRentalApp.Services\CarRentalApp.Services.csproj : warning NU1902: Package 'SixLabors.ImageSharp' 1.0.4 has a known moderate severity vulnerability, https://github.com/advisories/GHSA-rxmq-m78w-7wmc
C:\Users\hp\Desktop\rentalapp final\CarRentalApp.Desktop\CarRentalApp.Desktop_vizmv1ts_wpftmp.csproj : warning NU1903: Package 'SixLabors.ImageSharp' 1.0.4 has a known high severity vulnerability, https://github.com/advisories/GHSA-2cmq-823j-5qj8
C:\Users\hp\Desktop\rentalapp final\CarRentalApp.Desktop\CarRentalApp.Desktop_vizmv1ts_wpftmp.csproj : warning NU1902: Package 'SixLabors.ImageSharp' 1.0.4 has a known moderate severity vulnerability, https://github.com/advisories/GHSA-5x7m-6737-26cr
C:\Users\hp\Desktop\rentalapp final\CarRentalApp.Desktop\CarRentalApp.Desktop_vizmv1ts_wpftmp.csproj : warning NU1903: Package 'SixLabors.ImageSharp' 1.0.4 has a known high severity vulnerability, https://github.com/advisories/GHSA-63p8-c4ww-9cg7
C:\Users\hp\Desktop\rentalapp final\CarRentalApp.Desktop\CarRentalApp.Desktop_vizmv1ts_wpftmp.csproj : warning NU1903: Package 'SixLabors.ImageSharp' 1.0.4 has a known high severity vulnerability, https://github.com/advisories/GHSA-65x7-c272-7g7r
C:\Users\hp\Desktop\rentalapp final\CarRentalApp.Desktop\CarRentalApp.Desktop_vizmv1ts_wpftmp.csproj : warning NU1902: Package 'SixLabors.ImageSharp' 1.0.4 has a known moderate severity vulnerability, https://github.com/advisories/GHSA-g85r-6x2q-45w7
C:\Users\hp\Desktop\rentalapp final\CarRentalApp.Desktop\CarRentalApp.Desktop_vizmv1ts_wpftmp.csproj : warning NU1902: Package 'SixLabors.ImageSharp' 1.0.4 has a known moderate severity vulnerability, https://github.com/advisories/GHSA-qxrv-gp6x-rc23
C:\Users\hp\Desktop\rentalapp final\CarRentalApp.Desktop\CarRentalApp.Desktop_vizmv1ts_wpftmp.csproj : warning NU1902: Package 'SixLabors.ImageSharp' 1.0.4 has a known moderate severity vulnerability, https://github.com/advisories/GHSA-rxmq-m78w-7wmc
C:\Users\hp\Desktop\rentalapp final\CarRentalApp.Desktop\ViewModels\VehiclesViewModel.cs(20,12): warning CS8618: Le champ « _selectedVehicle » non-nullable doit contenir une valeur autre que Null lors de la fermeture du constructeur. Envisagez d’ajouter le modificateur « required » ou de déclarer le champ comme pouvant accepter la valeur Null. [C:\Users\hp\Desktop\rentalapp final\CarRentalApp.Desktop\CarRentalApp.Desktop_vizmv1ts_wpftmp.csproj]
C:\Users\hp\Desktop\rentalapp final\CarRentalApp.Desktop\ViewModels\VehiclesViewModel.cs(20,12): warning CS8618: Le champ « _selectedVehicleType » non-nullable doit contenir une valeur autre que Null lors de la fermeture du constructeur. Envisagez d’ajouter le modificateur « required » ou de déclarer le champ comme pouvant accepter la valeur Null. [C:\Users\hp\Desktop\rentalapp final\CarRentalApp.Desktop\CarRentalApp.Desktop_vizmv1ts_wpftmp.csproj]
C:\Users\hp\Desktop\rentalapp final\CarRentalApp.Desktop\ViewModels\MainViewModel.cs(12,12): warning CS8618: Le champ « _currentView » non-nullable doit contenir une valeur autre que Null lors de la fermeture du constructeur. Envisagez d’ajouter le modificateur « required » ou de déclarer le champ comme pouvant accepter la valeur Null. [C:\Users\hp\Desktop\rentalapp final\CarRentalApp.Desktop\CarRentalApp.Desktop_vizmv1ts_wpftmp.csproj]
C:\Users\hp\Desktop\rentalapp final\CarRentalApp.Desktop\ViewModels\MainViewModel.cs(45,23): warning CS8625: Impossible de convertir un littéral ayant une valeur null en type référence non-nullable. [C:\Users\hp\Desktop\rentalapp final\CarRentalApp.Desktop\CarRentalApp.Desktop_vizmv1ts_wpftmp.csproj]
C:\Users\hp\Desktop\rentalapp final\CarRentalApp.Desktop\ViewModels\RentalsViewModel.cs(24,12): warning CS8618: Le champ « _selectedBooking » non-nullable doit contenir une valeur autre que Null lors de la fermeture du constructeur. Envisagez d’ajouter le modificateur « required » ou de déclarer le champ comme pouvant accepter la valeur Null. [C:\Users\hp\Desktop\rentalapp final\CarRentalApp.Desktop\CarRentalApp.Desktop_vizmv1ts_wpftmp.csproj]
C:\Users\hp\Desktop\rentalapp final\CarRentalApp.Desktop\ViewModels\VehiclesViewModel.cs(98,27): warning CS8625: Impossible de convertir un littéral ayant une valeur null en type référence non-nullable. [C:\Users\hp\Desktop\rentalapp final\CarRentalApp.Desktop\CarRentalApp.Desktop_vizmv1ts_wpftmp.csproj]
C:\Users\hp\Desktop\rentalapp final\CarRentalApp.Desktop\ViewModels\VehiclesViewModel.cs(90,35): warning CS8625: Impossible de convertir un littéral ayant une valeur null en type référence non-nullable. [C:\Users\hp\Desktop\rentalapp final\CarRentalApp.Desktop\CarRentalApp.Desktop_vizmv1ts_wpftmp.csproj]
C:\Users\hp\Desktop\rentalapp final\CarRentalApp.Desktop\Views\MaintenanceView.xaml.cs(21,14): error CS1061: 'DbSet<Maintenance>' ne contient pas de définition pour 'Include' et aucune méthode d'extension accessible 'Include' acceptant un premier argument de type 'DbSet<Maintenance>' n'a été trouvée (une directive using ou une référence d'assembly est-elle manquante ?) [C:\Users\hp\Desktop\rentalapp final\CarRentalApp.Desktop\CarRentalApp.Desktop_vizmv1ts_wpftmp.csproj]
    42 Avertissement(s)
    1 Erreur(s)

Temps écoulé 00:00:03.53
